<?xml version="1.0" encoding="UTF-8"?>
<!-- Generated by org.testng.reporters.JUnitReportReporter -->
<testsuite skipped="0" hostname="DESKTOP-P8K6C7P" name="FirstTest" tests="3" failures="0" timestamp="2020-03-30T11:27:56 EEST" time="6.202" errors="0">
  <testcase name="verifyTitleOfPage" time="0.008" classname="FirstTest"/>
  <system-out/>
  <testcase name="loginWithValidCredentials" time="4.999" classname="FirstTest"/>
  <system-out/>
  <testcase name="verifySearchOption" time="1.195" classname="FirstTest"/>
  <system-out/>
</testsuite> <!-- FirstTest -->
